#
# A fatal error has been detected by the Java Runtime Environment:
#
#  SIGSEGV (0xb) at pc=0x00007f0246005060, pid=7437, tid=139649195456256
#
# JRE version: Java(TM) SE Runtime Environment (8.0_74-b02) (build 1.8.0_74-b02)
# Java VM: Java HotSpot(TM) 64-Bit Server VM (25.74-b02 mixed mode linux-amd64 compressed oops)
# Problematic frame:
# C  0x00007f0246005060
#
# Failed to write core dump. Core dumps have been disabled. To enable core dumping, try "ulimit -c unlimited" before starting Java again
#
# If you would like to submit a bug report, please visit:
#   http://bugreport.java.com/bugreport/crash.jsp
#

---------------  T H R E A D  ---------------

Current thread (0x00007f0294008800):  JavaThread "main" [_thread_in_Java, id=7442, stack(0x00007f029ca03000,0x00007f029cb04000)]

siginfo: si_signo: 11 (SIGSEGV), si_code: 2 (SEGV_ACCERR), si_addr: 0x00007f0246005060

Registers:
RAX=0x00007f0298e887f8, RBX=0x00007f0298e887f8, RCX=0x00007f0298e8e8c0, RDX=0x00000000000000ec
RSP=0x00007f029cb01328, RBP=0x00007f029cb01398, RSI=0x00000000ebae8ff0, RDI=0x00007f0298f64918
R8 =0x00000000ebdef798, R9 =0x00000000000000e0, R10=0x00007f029bef24a0, R11=0x00007f0285110140
R12=0x0000000000000000, R13=0x00007f029cb01338, R14=0x00007f029cb01478, R15=0x00007f0294008800
RIP=0x00007f0246005060, EFLAGS=0x0000000000010206, CSGSFS=0x0000000000000033, ERR=0x0000000000000014
  TRAPNO=0x000000000000000e

Top of Stack: (sp=0x00007f029cb01328)
0x00007f029cb01328:   00007f0285007710 00007f0285007710
0x00007f029cb01338:   00000000000000ec 00000000ebae8ff0
0x00007f029cb01348:   0000000000000001 0000000000000000
0x00007f029cb01358:   00007f029cb01348 00007f0298e8c098
0x00007f029cb01368:   00007f029cb01478 00007f0298e8e8c0
0x00007f029cb01378:   00007f0299020e60 00007f0298e8c348
0x00007f029cb01388:   00007f029cb01338 00007f029cb01480
0x00007f029cb01398:   00007f029cb01b90 00007f0285161844
0x00007f029cb013a8:   0000000000000000 0000000000000000
0x00007f029cb013b8:   0000000000000000 0000000000000000
0x00007f029cb013c8:   0000000000000000 00000000ebc29238
0x00007f029cb013d8:   00000000ebc29098 00000000670c52fa
0x00007f029cb013e8:   00000000eba276d0 00000000eba276d0
0x00007f029cb013f8:   0000000000000000 0000000000000000
0x00007f029cb01408:   00000000eba276d0 00000000eba276d0
0x00007f029cb01418:   000000002bea18ed 00000000eba276d0
0x00007f029cb01428:   00000000000000e0 00000000000000ec
0x00007f029cb01438:   0000000000000000 0000000000000000
0x00007f029cb01448:   00000000ebdef798 0000000000000400
0x00007f029cb01458:   0000000000000010 0000000000000200
0x00007f029cb01468:   00000000ebdee788 00000000ebae8ff0
0x00007f029cb01478:   00000000eb74b488 00007f029cb014f8
0x00007f029cb01488:   00007f0285007710 0000000000000200
0x00007f029cb01498:   0000000000000400 00000000eb74e960
0x00007f029cb014a8:   0000000000000001 0000000000000000
0x00007f029cb014b8:   00007f029cb014a8 00007f0298e8c098
0x00007f029cb014c8:   00007f029cb015d8 00007f0298e8e8c0
0x00007f029cb014d8:   00007f0299020db8 00007f0298e8c348
0x00007f029cb014e8:   0000000000000000 00007f029cb015e0
0x00007f029cb014f8:   00007f029cb01b90 0000000085161844
0x00007f029cb01508:   0000000000000000 0000000000000000
0x00007f029cb01518:   00000000eb74b488 0000000000000180 

Instructions: (pc=0x00007f0246005060)
0x00007f0246005040:   
[error occurred during error reporting (printing registers, top of stack, instructions near pc), id 0xb]

Register to memory mapping:

RAX={method} {0x00007f0298e887f8} 'tabAt' '([Ljava/util/concurrent/ConcurrentHashMap$Node;I)Ljava/util/concurrent/ConcurrentHashMap$Node;' in 'java/util/concurrent/ConcurrentHashMap'
RBX={method} {0x00007f0298e887f8} 'tabAt' '([Ljava/util/concurrent/ConcurrentHashMap$Node;I)Ljava/util/concurrent/ConcurrentHashMap$Node;' in 'java/util/concurrent/ConcurrentHashMap'
RCX=0x00007f0298e8e8c0 is pointing into metadata
RDX=0x00000000000000ec is an unknown value
RSP=0x00007f029cb01328 is pointing into the stack for thread: 0x00007f0294008800
RBP=0x00007f029cb01398 is pointing into the stack for thread: 0x00007f0294008800
RSI=0x00000000ebae8ff0 is an oop
[Ljava.util.concurrent.ConcurrentHashMap$Node; 
 - klass: 'java/util/concurrent/ConcurrentHashMap$Node'[]
 - length: 512
RDI=0x00007f0298f64918 is pointing into metadata
R8 =0x00000000ebdef798 is an oop
java.util.concurrent.ConcurrentHashMap$ForwardingNode 
 - klass: 'java/util/concurrent/ConcurrentHashMap$ForwardingNode'
R9 =0x00000000000000e0 is an unknown value
R10=0x00007f029bef24a0: <offset 0xfb74a0> in /usr/java/jdk1.8.0_74/jre/lib/amd64/server/libjvm.so at 0x00007f029af3b000
R11=0x00007f0285110140 is at entry_point+0 in (nmethod*)0x00007f028510ffd0
R12=0x0000000000000000 is an unknown value
R13=0x00007f029cb01338 is pointing into the stack for thread: 0x00007f0294008800
R14=0x00007f029cb01478 is pointing into the stack for thread: 0x00007f0294008800
R15=0x00007f0294008800 is a thread


Stack: [0x00007f029ca03000,0x00007f029cb04000],  sp=0x00007f029cb01328,  free space=1016k
Native frames: (J=compiled Java code, j=interpreted, Vv=VM code, C=native code)
C  0x00007f0246005060
J 199 C1 java.util.concurrent.ConcurrentHashMap.addCount(JI)V (292 bytes) @ 0x00007f0285161844 [0x00007f0285161060+0x7e4]
C  0x00000000ebae8ff0


---------------  P R O C E S S  ---------------

Java Threads: ( => current thread )
  0x00007f0294200000 JavaThread "Thread-8" daemon [_thread_blocked, id=7463, stack(0x00007f026dc1b000,0x00007f026dd1c000)]
  0x00007f02941f5800 JavaThread "Thread-7" daemon [_thread_blocked, id=7462, stack(0x00007f026dd1c000,0x00007f026de1d000)]
  0x00007f02941f3800 JavaThread "Thread-6" daemon [_thread_blocked, id=7461, stack(0x00007f026de1d000,0x00007f026df1e000)]
  0x00007f02941ef800 JavaThread "Thread-5" daemon [_thread_blocked, id=7460, stack(0x00007f026df1e000,0x00007f026e01f000)]
  0x00007f02941ec800 JavaThread "Thread-4" daemon [_thread_blocked, id=7459, stack(0x00007f026e01f000,0x00007f026e120000)]
  0x00007f02940c9000 JavaThread "Service Thread" daemon [_thread_blocked, id=7454, stack(0x00007f02841f2000,0x00007f02842f3000)]
  0x00007f02940bc000 JavaThread "C1 CompilerThread2" daemon [_thread_blocked, id=7453, stack(0x00007f02842f3000,0x00007f02843f4000)]
  0x00007f02940ba000 JavaThread "C2 CompilerThread1" daemon [_thread_blocked, id=7452, stack(0x00007f02843f4000,0x00007f02844f5000)]
  0x00007f02940b7800 JavaThread "C2 CompilerThread0" daemon [_thread_blocked, id=7451, stack(0x00007f02844f5000,0x00007f02845f6000)]
  0x00007f02940b6000 JavaThread "Signal Dispatcher" daemon [_thread_blocked, id=7450, stack(0x00007f02845f6000,0x00007f02846f7000)]
  0x00007f0294082800 JavaThread "Finalizer" daemon [_thread_blocked, id=7449, stack(0x00007f02846f7000,0x00007f02847f8000)]
  0x00007f029407e000 JavaThread "Reference Handler" daemon [_thread_blocked, id=7448, stack(0x00007f02847f8000,0x00007f02848f9000)]
=>0x00007f0294008800 JavaThread "main" [_thread_in_Java, id=7442, stack(0x00007f029ca03000,0x00007f029cb04000)]

Other Threads:
  0x00007f0294076800 VMThread [stack: 0x00007f02848f9000,0x00007f02849fa000] [id=7447]
  0x00007f02940cc000 WatcherThread [stack: 0x00007f02840f1000,0x00007f02841f2000] [id=7455]

VM state:not at safepoint (normal execution)

VM Mutex/Monitor currently owned by a thread: None

Heap:
 PSYoungGen      total 18432K, used 7323K [0x00000000eb700000, 0x00000000ecb80000, 0x0000000100000000)
  eden space 15872K, 46% used [0x00000000eb700000,0x00000000ebe26f28,0x00000000ec680000)
  from space 2560K, 0% used [0x00000000ec900000,0x00000000ec900000,0x00000000ecb80000)
  to   space 2560K, 0% used [0x00000000ec680000,0x00000000ec680000,0x00000000ec900000)
 ParOldGen       total 42496K, used 0K [0x00000000c2400000, 0x00000000c4d80000, 0x00000000eb700000)
  object space 42496K, 0% used [0x00000000c2400000,0x00000000c2400000,0x00000000c4d80000)
 Metaspace       used 5990K, capacity 6132K, committed 6272K, reserved 1056768K
  class space    used 789K, capacity 856K, committed 896K, reserved 1048576K

Card table byte_map: [0x00007f0299c1a000,0x00007f0299e09000] byte_map_base: 0x00007f0299608000

Marking Bits: (ParMarkBitMap*) 0x00007f029bef0260
 Begin Bits: [0x00007f026e120000, 0x00007f026f090000)
 End Bits:   [0x00007f026f090000, 0x00007f0270000000)

Polling page: 0x00007f029cb31000

CodeCache: size=245760Kb used=1962Kb max_used=1973Kb free=243797Kb
 bounds [0x00007f0285000000, 0x00007f0285270000, 0x00007f0294000000]
 total_blobs=710 nmethods=437 adapters=189
 compilation: enabled

Compilation events (10 events):
Event: 0.320 Thread 0x00007f02940bc000  436       3       java.lang.Thread::interrupted (8 bytes)
Event: 0.320 Thread 0x00007f02940bc000 nmethod 436 0x00007f02851e7f50 code [0x00007f02851e80c0, 0x00007f02851e8248]
Event: 0.320 Thread 0x00007f02940bc000  431   !   3       java.net.URL::set (114 bytes)
Event: 0.320 Thread 0x00007f02940ba000  437       4       java.util.concurrent.ConcurrentHashMap::tabAt (21 bytes)
Event: 0.320 Thread 0x00007f02940bc000 nmethod 431 0x00007f02851eaf10 code [0x00007f02851eb100, 0x00007f02851ebc38]
Event: 0.320 Thread 0x00007f02940bc000  434       1       org.codehaus.classworlds.RealmClassLoader::getRealm (5 bytes)
Event: 0.321 Thread 0x00007f02940bc000 nmethod 434 0x00007f02851dd7d0 code [0x00007f02851dd920, 0x00007f02851dda30]
Event: 0.321 Thread 0x00007f02940bc000  435       1       java.util.TreeMap::access$100 (5 bytes)
Event: 0.321 Thread 0x00007f02940bc000 nmethod 435 0x00007f02851dd4d0 code [0x00007f02851dd620, 0x00007f02851dd710]
Event: 0.321 Thread 0x00007f02940ba000 nmethod 437 0x00007f028519bb90 code [0x00007f028519bcc0, 0x00007f028519bd18]

GC Heap History (0 events):
No events

Deoptimization events (2 events):
Event: 0.248 Thread 0x00007f0294008800 Uncommon trap: reason=unstable_if action=reinterpret pc=0x00007f0285192b8c method=java.lang.String.replace(CC)Ljava/lang/String; @ 2
Event: 0.248 Thread 0x00007f0294008800 Uncommon trap: reason=unstable_if action=reinterpret pc=0x00007f028519f9ac method=java.lang.String.indexOf([CII[CIII)I @ 134

Internal exceptions (4 events):
Event: 0.025 Thread 0x00007f0294008800 Exception <a 'java/lang/NoSuchMethodError': Method sun.misc.Unsafe.defineClass(Ljava/lang/String;[BII)Ljava/lang/Class; name or signature does not match> (0x00000000eb707cc0) thrown at [/HUDSON3/workspace/8-2-build-linux-amd64/jdk8u74/6087/hotspot/src/sha
Event: 0.025 Thread 0x00007f0294008800 Exception <a 'java/lang/NoSuchMethodError': Method sun.misc.Unsafe.prefetchRead(Ljava/lang/Object;J)V name or signature does not match> (0x00000000eb707fa8) thrown at [/HUDSON3/workspace/8-2-build-linux-amd64/jdk8u74/6087/hotspot/src/share/vm/prims/jni.cp
Event: 0.127 Thread 0x00007f0294008800 Exception <a 'java/lang/NoSuchFieldError': method resolution failed> (0x00000000eb88e350) thrown at [/HUDSON3/workspace/8-2-build-linux-amd64/jdk8u74/6087/hotspot/src/share/vm/prims/methodHandles.cpp, line 1146]
Event: 0.130 Thread 0x00007f0294008800 Exception <a 'java/lang/NoSuchFieldError': method resolution failed> (0x00000000eb89b750) thrown at [/HUDSON3/workspace/8-2-build-linux-amd64/jdk8u74/6087/hotspot/src/share/vm/prims/methodHandles.cpp, line 1146]

Events (10 events):
Event: 0.319 loading class net/jcores/cores/CoreString$10
Event: 0.319 loading class net/jcores/cores/CoreString$10 done
Event: 0.319 loading class net/jcores/cores/CoreString$11
Event: 0.319 loading class net/jcores/cores/CoreString$11 done
Event: 0.319 loading class net/jcores/cores/CoreString$12
Event: 0.319 loading class net/jcores/cores/CoreString$12 done
Event: 0.320 loading class net/jcores/cores/CoreString$13
Event: 0.320 loading class net/jcores/cores/CoreString$13 done
Event: 0.320 loading class net/jcores/cores/CoreString$14
Event: 0.320 loading class net/jcores/cores/CoreString$14 done


Dynamic libraries:
00400000-00401000 r-xp 00000000 fd:01 2767223                            /usr/java/jdk1.8.0_74/bin/java
00600000-00601000 rw-p 00000000 fd:01 2767223                            /usr/java/jdk1.8.0_74/bin/java
0158f000-015b0000 rw-p 00000000 00:00 0                                  [heap]
c2400000-c4d80000 rw-p 00000000 00:00 0 
c4d80000-eb700000 ---p 00000000 00:00 0 
eb700000-ecb80000 rw-p 00000000 00:00 0 
ecb80000-100000000 ---p 00000000 00:00 0 
100000000-1000e0000 rw-p 00000000 00:00 0 
1000e0000-140000000 ---p 00000000 00:00 0 
7f022c000000-7f022c021000 rw-p 00000000 00:00 0 
7f022c021000-7f0230000000 ---p 00000000 00:00 0 
7f0234000000-7f0234021000 rw-p 00000000 00:00 0 
7f0234021000-7f0238000000 ---p 00000000 00:00 0 
7f0238000000-7f0238021000 rw-p 00000000 00:00 0 
7f0238021000-7f023c000000 ---p 00000000 00:00 0 
7f023c000000-7f023c021000 rw-p 00000000 00:00 0 
7f023c021000-7f0240000000 ---p 00000000 00:00 0 
7f0240000000-7f0240021000 rw-p 00000000 00:00 0 
7f0240021000-7f0244000000 ---p 00000000 00:00 0 
7f0244000000-7f0244021000 rw-p 00000000 00:00 0 
7f0244021000-7f0248000000 ---p 00000000 00:00 0 
7f0248000000-7f0248021000 rw-p 00000000 00:00 0 
7f0248021000-7f024c000000 ---p 00000000 00:00 0 
7f024c000000-7f024c04a000 rw-p 00000000 00:00 0 
7f024c04a000-7f0250000000 ---p 00000000 00:00 0 
7f0250000000-7f02501b9000 rw-p 00000000 00:00 0 
7f02501b9000-7f0254000000 ---p 00000000 00:00 0 
7f0254000000-7f02540cf000 rw-p 00000000 00:00 0 
7f02540cf000-7f0258000000 ---p 00000000 00:00 0 
7f02596ae000-7f0260000000 r--p 00000000 fd:01 2498944                    /usr/lib/locale/locale-archive
7f0260000000-7f0260021000 rw-p 00000000 00:00 0 
7f0260021000-7f0264000000 ---p 00000000 00:00 0 
7f0264000000-7f0264021000 rw-p 00000000 00:00 0 
7f0264021000-7f0268000000 ---p 00000000 00:00 0 
7f0268000000-7f0268021000 rw-p 00000000 00:00 0 
7f0268021000-7f026c000000 ---p 00000000 00:00 0 
7f026dc1b000-7f026dc1e000 ---p 00000000 00:00 0 
7f026dc1e000-7f026dd1c000 rw-p 00000000 00:00 0                          [stack:7463]
7f026dd1c000-7f026dd1f000 ---p 00000000 00:00 0 
7f026dd1f000-7f026de1d000 rw-p 00000000 00:00 0                          [stack:7462]
7f026de1d000-7f026de20000 ---p 00000000 00:00 0 
7f026de20000-7f026df1e000 rw-p 00000000 00:00 0                          [stack:7461]
7f026df1e000-7f026df21000 ---p 00000000 00:00 0 
7f026df21000-7f026e01f000 rw-p 00000000 00:00 0                          [stack:7460]
7f026e01f000-7f026e022000 ---p 00000000 00:00 0 
7f026e022000-7f0270000000 rw-p 00000000 00:00 0                          [stack:7459]
7f0270000000-7f0270021000 rw-p 00000000 00:00 0 
7f0270021000-7f0274000000 ---p 00000000 00:00 0 
7f0274000000-7f0274021000 rw-p 00000000 00:00 0 
7f0274021000-7f0278000000 ---p 00000000 00:00 0 
7f0278000000-7f0278021000 rw-p 00000000 00:00 0 
7f0278021000-7f027c000000 ---p 00000000 00:00 0 
7f027c000000-7f027c021000 rw-p 00000000 00:00 0 
7f027c021000-7f0280000000 ---p 00000000 00:00 0 
7f0280000000-7f0280021000 rw-p 00000000 00:00 0 
7f0280021000-7f0284000000 ---p 00000000 00:00 0 
7f02840f1000-7f02840f2000 ---p 00000000 00:00 0 
7f02840f2000-7f02841f2000 rw-p 00000000 00:00 0                          [stack:7455]
7f02841f2000-7f02841f5000 ---p 00000000 00:00 0 
7f02841f5000-7f02842f3000 rw-p 00000000 00:00 0                          [stack:7454]
7f02842f3000-7f02842f6000 ---p 00000000 00:00 0 
7f02842f6000-7f02843f4000 rw-p 00000000 00:00 0                          [stack:7453]
7f02843f4000-7f02843f7000 ---p 00000000 00:00 0 
7f02843f7000-7f02844f5000 rw-p 00000000 00:00 0                          [stack:7452]
7f02844f5000-7f02844f8000 ---p 00000000 00:00 0 
7f02844f8000-7f02845f6000 rw-p 00000000 00:00 0                          [stack:7451]
7f02845f6000-7f02845f9000 ---p 00000000 00:00 0 
7f02845f9000-7f02846f7000 rw-p 00000000 00:00 0                          [stack:7450]
7f02846f7000-7f02846fa000 ---p 00000000 00:00 0 
7f02846fa000-7f02847f8000 rw-p 00000000 00:00 0                          [stack:7449]
7f02847f8000-7f02847fb000 ---p 00000000 00:00 0 
7f02847fb000-7f02848f9000 rw-p 00000000 00:00 0                          [stack:7448]
7f02848f9000-7f02848fa000 ---p 00000000 00:00 0 
7f02848fa000-7f0285000000 rw-p 00000000 00:00 0                          [stack:7447]
7f0285000000-7f0285270000 rwxp 00000000 00:00 0 
7f0285270000-7f0294000000 ---p 00000000 00:00 0 
7f0294000000-7f029444d000 rw-p 00000000 00:00 0 
7f029444d000-7f0298000000 ---p 00000000 00:00 0 
7f02980d5000-7f0298a90000 rw-p 00000000 00:00 0 
7f0298a90000-7f0298c68000 r--s 03cd5000 fd:01 2768809                    /usr/java/jdk1.8.0_74/jre/lib/rt.jar
7f0298c68000-7f029921e000 rw-p 00000000 00:00 0 
7f029921e000-7f02994de000 ---p 00000000 00:00 0 
7f02994de000-7f02996cc000 rw-p 00000000 00:00 0 
7f02996cc000-7f02996cd000 ---p 00000000 00:00 0 
7f02996cd000-7f02997cd000 rw-p 00000000 00:00 0                          [stack:7446]
7f02997cd000-7f02997ce000 ---p 00000000 00:00 0 
7f02997ce000-7f02998ce000 rw-p 00000000 00:00 0                          [stack:7445]
7f02998ce000-7f02998cf000 ---p 00000000 00:00 0 
7f02998cf000-7f02999cf000 rw-p 00000000 00:00 0                          [stack:7444]
7f02999cf000-7f02999d0000 ---p 00000000 00:00 0 
7f02999d0000-7f0299ae5000 rw-p 00000000 00:00 0                          [stack:7443]
7f0299ae5000-7f0299c1a000 ---p 00000000 00:00 0 
7f0299c1a000-7f0299c2f000 rw-p 00000000 00:00 0 
7f0299c2f000-7f0299d63000 ---p 00000000 00:00 0 
7f0299d63000-7f0299d6e000 rw-p 00000000 00:00 0 
7f0299d6e000-7f0299e08000 ---p 00000000 00:00 0 
7f0299e08000-7f0299e13000 rw-p 00000000 00:00 0 
7f0299e13000-7f029a1c9000 ---p 00000000 00:00 0 
7f029a1c9000-7f029a1e3000 r-xp 00000000 fd:01 2768791                    /usr/java/jdk1.8.0_74/jre/lib/amd64/libzip.so
7f029a1e3000-7f029a3e3000 ---p 0001a000 fd:01 2768791                    /usr/java/jdk1.8.0_74/jre/lib/amd64/libzip.so
7f029a3e3000-7f029a3e4000 rw-p 0001a000 fd:01 2768791                    /usr/java/jdk1.8.0_74/jre/lib/amd64/libzip.so
7f029a3e4000-7f029a3ef000 r-xp 00000000 fd:01 2496267                    /usr/lib64/libnss_files-2.22.so
7f029a3ef000-7f029a5ee000 ---p 0000b000 fd:01 2496267                    /usr/lib64/libnss_files-2.22.so
7f029a5ee000-7f029a5ef000 r--p 0000a000 fd:01 2496267                    /usr/lib64/libnss_files-2.22.so
7f029a5ef000-7f029a5f0000 rw-p 0000b000 fd:01 2496267                    /usr/lib64/libnss_files-2.22.so
7f029a5f0000-7f029a5f6000 rw-p 00000000 00:00 0 
7f029a5f6000-7f029a620000 r-xp 00000000 fd:01 2768755                    /usr/java/jdk1.8.0_74/jre/lib/amd64/libjava.so
7f029a620000-7f029a820000 ---p 0002a000 fd:01 2768755                    /usr/java/jdk1.8.0_74/jre/lib/amd64/libjava.so
7f029a820000-7f029a822000 rw-p 0002a000 fd:01 2768755                    /usr/java/jdk1.8.0_74/jre/lib/amd64/libjava.so
7f029a822000-7f029a82f000 r-xp 00000000 fd:01 2768790                    /usr/java/jdk1.8.0_74/jre/lib/amd64/libverify.so
7f029a82f000-7f029aa2f000 ---p 0000d000 fd:01 2768790                    /usr/java/jdk1.8.0_74/jre/lib/amd64/libverify.so
7f029aa2f000-7f029aa31000 rw-p 0000d000 fd:01 2768790                    /usr/java/jdk1.8.0_74/jre/lib/amd64/libverify.so
7f029aa31000-7f029aa38000 r-xp 00000000 fd:01 2496794                    /usr/lib64/librt-2.22.so
7f029aa38000-7f029ac37000 ---p 00007000 fd:01 2496794                    /usr/lib64/librt-2.22.so
7f029ac37000-7f029ac38000 r--p 00006000 fd:01 2496794                    /usr/lib64/librt-2.22.so
7f029ac38000-7f029ac39000 rw-p 00007000 fd:01 2496794                    /usr/lib64/librt-2.22.so
7f029ac39000-7f029ad3a000 r-xp 00000000 fd:01 2494913                    /usr/lib64/libm-2.22.so
7f029ad3a000-7f029af39000 ---p 00101000 fd:01 2494913                    /usr/lib64/libm-2.22.so
7f029af39000-7f029af3a000 r--p 00100000 fd:01 2494913                    /usr/lib64/libm-2.22.so
7f029af3a000-7f029af3b000 rw-p 00101000 fd:01 2494913                    /usr/lib64/libm-2.22.so
7f029af3b000-7f029bbfa000 r-xp 00000000 fd:01 2768795                    /usr/java/jdk1.8.0_74/jre/lib/amd64/server/libjvm.so
7f029bbfa000-7f029bdf9000 ---p 00cbf000 fd:01 2768795                    /usr/java/jdk1.8.0_74/jre/lib/amd64/server/libjvm.so
7f029bdf9000-7f029bed2000 rw-p 00cbe000 fd:01 2768795                    /usr/java/jdk1.8.0_74/jre/lib/amd64/server/libjvm.so
7f029bed2000-7f029bf1b000 rw-p 00000000 00:00 0 
7f029bf1b000-7f029c0d2000 r-xp 00000000 fd:01 2492270                    /usr/lib64/libc-2.22.so
7f029c0d2000-7f029c2d2000 ---p 001b7000 fd:01 2492270                    /usr/lib64/libc-2.22.so
7f029c2d2000-7f029c2d6000 r--p 001b7000 fd:01 2492270                    /usr/lib64/libc-2.22.so
7f029c2d6000-7f029c2d8000 rw-p 001bb000 fd:01 2492270                    /usr/lib64/libc-2.22.so
7f029c2d8000-7f029c2dc000 rw-p 00000000 00:00 0 
7f029c2dc000-7f029c2df000 r-xp 00000000 fd:01 2494292                    /usr/lib64/libdl-2.22.so
7f029c2df000-7f029c4de000 ---p 00003000 fd:01 2494292                    /usr/lib64/libdl-2.22.so
7f029c4de000-7f029c4df000 r--p 00002000 fd:01 2494292                    /usr/lib64/libdl-2.22.so
7f029c4df000-7f029c4e0000 rw-p 00003000 fd:01 2494292                    /usr/lib64/libdl-2.22.so
7f029c4e0000-7f029c4f5000 r-xp 00000000 fd:01 2769062                    /usr/java/jdk1.8.0_74/lib/amd64/jli/libjli.so
7f029c4f5000-7f029c6f5000 ---p 00015000 fd:01 2769062                    /usr/java/jdk1.8.0_74/lib/amd64/jli/libjli.so
7f029c6f5000-7f029c6f6000 rw-p 00015000 fd:01 2769062                    /usr/java/jdk1.8.0_74/lib/amd64/jli/libjli.so
7f029c6f6000-7f029c70e000 r-xp 00000000 fd:01 2496432                    /usr/lib64/libpthread-2.22.so
7f029c70e000-7f029c90d000 ---p 00018000 fd:01 2496432                    /usr/lib64/libpthread-2.22.so
7f029c90d000-7f029c90e000 r--p 00017000 fd:01 2496432                    /usr/lib64/libpthread-2.22.so
7f029c90e000-7f029c90f000 rw-p 00018000 fd:01 2496432                    /usr/lib64/libpthread-2.22.so
7f029c90f000-7f029c913000 rw-p 00000000 00:00 0 
7f029c913000-7f029c934000 r-xp 00000000 fd:01 2492099                    /usr/lib64/ld-2.22.so
7f029c93d000-7f029c93e000 r--s 00001000 fd:02 6692216                    /home/huub/Development/svn/java/AICourse/competition/lib/Utilities.jar
7f029c93e000-7f029ca03000 rw-p 00000000 00:00 0 
7f029ca03000-7f029ca06000 ---p 00000000 00:00 0 
7f029ca06000-7f029cb08000 rw-p 00000000 00:00 0                          [stack:7442]
7f029cb08000-7f029cb11000 r--s 00047000 fd:02 6692219                    /home/huub/Development/svn/java/AICourse/competition/lib/jspf.core-1.0.2.jar
7f029cb11000-7f029cb14000 r--s 00018000 fd:02 6692217                    /home/huub/Development/svn/java/AICourse/competition/lib/core2id90.jar
7f029cb14000-7f029cb28000 rw-p 00000000 00:00 0 
7f029cb28000-7f029cb30000 rw-s 00000000 00:24 211037                     /tmp/hsperfdata_huub/7437
7f029cb30000-7f029cb31000 rw-p 00000000 00:00 0 
7f029cb31000-7f029cb32000 r--p 00000000 00:00 0 
7f029cb32000-7f029cb33000 rw-p 00000000 00:00 0 
7f029cb33000-7f029cb34000 r--p 00020000 fd:01 2492099                    /usr/lib64/ld-2.22.so
7f029cb34000-7f029cb35000 rw-p 00021000 fd:01 2492099                    /usr/lib64/ld-2.22.so
7f029cb35000-7f029cb36000 rw-p 00000000 00:00 0 
7ffd0dc0f000-7ffd0dc30000 rw-p 00000000 00:00 0                          [stack]
7ffd0dc8b000-7ffd0dc8d000 r--p 00000000 00:00 0                          [vvar]
7ffd0dc8d000-7ffd0dc8f000 r-xp 00000000 00:00 0                          [vdso]
ffffffffff600000-ffffffffff601000 r-xp 00000000 00:00 0                  [vsyscall]

VM Arguments:
jvm_args: -Dfile.encoding=UTF-8 -enableassertions 
java_command: nl.tue.s2id90.tournament.Checker ../dammers
java_class_path (initial): /home/huub/Development/svn/java/AICourse/competition/lib/core2id90.jar:/home/huub/Development/svn/java/AICourse/competition/lib/jspf.core-1.0.2.jar:/home/huub/Development/svn/java/AICourse/competition/lib/Utilities.jar:/home/huub/Development/svn/java/AICourse/competition/AICompetition/build/classes
Launcher Type: SUN_STANDARD

Environment Variables:
PATH=/usr/lib64/qt-3.3/bin:/usr/local/bin:/usr/local/sbin:/usr/bin:/usr/sbin:/home/huub/.local/bin:/home/huub/bin
USERNAME=huub
LD_LIBRARY_PATH=/usr/java/latest/jre/lib/amd64:/usr/java/latest/jre/lib/i386:
SHELL=/bin/bash
DISPLAY=:1

Signal Handlers:
SIGSEGV: [libjvm.so+0xabb070], sa_mask[0]=11111111011111111101111111111110, sa_flags=SA_RESTART|SA_SIGINFO
SIGBUS: [libjvm.so+0xabb070], sa_mask[0]=11111111011111111101111111111110, sa_flags=SA_RESTART|SA_SIGINFO
SIGFPE: [libjvm.so+0x918480], sa_mask[0]=11111111011111111101111111111110, sa_flags=SA_RESTART|SA_SIGINFO
SIGPIPE: [libjvm.so+0x918480], sa_mask[0]=11111111011111111101111111111110, sa_flags=SA_RESTART|SA_SIGINFO
SIGXFSZ: [libjvm.so+0x918480], sa_mask[0]=11111111011111111101111111111110, sa_flags=SA_RESTART|SA_SIGINFO
SIGILL: [libjvm.so+0x918480], sa_mask[0]=11111111011111111101111111111110, sa_flags=SA_RESTART|SA_SIGINFO
SIGUSR1: SIG_DFL, sa_mask[0]=00000000000000000000000000000000, sa_flags=none
SIGUSR2: [libjvm.so+0x919ab0], sa_mask[0]=00100000000000000000000000000000, sa_flags=SA_RESTART|SA_SIGINFO
SIGHUP: [libjvm.so+0x91aeb0], sa_mask[0]=11111111011111111101111111111110, sa_flags=SA_RESTART|SA_SIGINFO
SIGINT: SIG_IGN, sa_mask[0]=00000000000000000000000000000000, sa_flags=none
SIGTERM: [libjvm.so+0x91aeb0], sa_mask[0]=11111111011111111101111111111110, sa_flags=SA_RESTART|SA_SIGINFO
SIGQUIT: [libjvm.so+0x91aeb0], sa_mask[0]=11111111011111111101111111111110, sa_flags=SA_RESTART|SA_SIGINFO


---------------  S Y S T E M  ---------------

OS:Fedora release 23 (Twenty Three)

uname:Linux 4.3.5-300.fc23.x86_64 #1 SMP Mon Feb 1 03:18:41 UTC 2016 x86_64
libc:glibc 2.22 NPTL 2.22 
rlimit: STACK 8192k, CORE 0k, NPROC 15721, NOFILE 4096, AS infinity
load average:0.25 0.18 0.15

/proc/meminfo:
MemTotal:        4046300 kB
MemFree:           29216 kB
MemAvailable:     727568 kB
Buffers:           64064 kB
Cached:           634508 kB
SwapCached:         4960 kB
Active:          2329716 kB
Inactive:        1318452 kB
Active(anon):    2070620 kB
Inactive(anon):   902952 kB
Active(file):     259096 kB
Inactive(file):   415500 kB
Unevictable:          64 kB
Mlocked:              64 kB
SwapTotal:       4063228 kB
SwapFree:        3393608 kB
Dirty:              1672 kB
Writeback:             0 kB
AnonPages:       2947440 kB
Mapped:           258828 kB
Shmem:             24128 kB
Slab:             126288 kB
SReclaimable:      53480 kB
SUnreclaim:        72808 kB
KernelStack:       13104 kB
PageTables:        78656 kB
NFS_Unstable:          0 kB
Bounce:                0 kB
WritebackTmp:          0 kB
CommitLimit:     6086376 kB
Committed_AS:   10676628 kB
VmallocTotal:   34359738367 kB
VmallocUsed:      103328 kB
VmallocChunk:   34359554044 kB
HardwareCorrupted:     0 kB
AnonHugePages:         0 kB
HugePages_Total:       0
HugePages_Free:        0
HugePages_Rsvd:        0
HugePages_Surp:        0
Hugepagesize:       2048 kB
DirectMap4k:      629696 kB
DirectMap2M:     3563520 kB


CPU:total 4 (4 cores per cpu, 1 threads per core) family 6 model 15 stepping 11, cmov, cx8, fxsr, mmx, sse, sse2, sse3, ssse3, tsc

/proc/cpuinfo:
processor	: 0
vendor_id	: GenuineIntel
cpu family	: 6
model		: 15
model name	: Intel(R) Core(TM)2 Quad CPU    Q6600  @ 2.40GHz
stepping	: 11
microcode	: 0xba
cpu MHz		: 2400.037
cache size	: 4096 KB
physical id	: 0
siblings	: 4
core id		: 0
cpu cores	: 4
apicid		: 0
initial apicid	: 0
fpu		: yes
fpu_exception	: yes
cpuid level	: 10
wp		: yes
flags		: fpu vme de pse tsc msr pae mce cx8 apic sep mtrr pge mca cmov pat pse36 clflush dts acpi mmx fxsr sse sse2 ss ht tm pbe syscall nx lm constant_tsc arch_perfmon pebs bts rep_good nopl aperfmperf pni dtes64 monitor ds_cpl vmx est tm2 ssse3 cx16 xtpr pdcm lahf_lm dtherm tpr_shadow vnmi flexpriority
bugs		:
bogomips	: 4800.07
clflush size	: 64
cache_alignment	: 64
address sizes	: 36 bits physical, 48 bits virtual
power management:

processor	: 1
vendor_id	: GenuineIntel
cpu family	: 6
model		: 15
model name	: Intel(R) Core(TM)2 Quad CPU    Q6600  @ 2.40GHz
stepping	: 11
microcode	: 0xba
cpu MHz		: 2400.037
cache size	: 4096 KB
physical id	: 0
siblings	: 4
core id		: 3
cpu cores	: 4
apicid		: 3
initial apicid	: 3
fpu		: yes
fpu_exception	: yes
cpuid level	: 10
wp		: yes
flags		: fpu vme de pse tsc msr pae mce cx8 apic sep mtrr pge mca cmov pat pse36 clflush dts acpi mmx fxsr sse sse2 ss ht tm pbe syscall nx lm constant_tsc arch_perfmon pebs bts rep_good nopl aperfmperf pni dtes64 monitor ds_cpl vmx est tm2 ssse3 cx16 xtpr pdcm lahf_lm dtherm tpr_shadow vnmi flexpriority
bugs		:
bogomips	: 4800.07
clflush size	: 64
cache_alignment	: 64
address sizes	: 36 bits physical, 48 bits virtual
power management:

processor	: 2
vendor_id	: GenuineIntel
cpu family	: 6
model		: 15
model name	: Intel(R) Core(TM)2 Quad CPU    Q6600  @ 2.40GHz
stepping	: 11
microcode	: 0xba
cpu MHz		: 2400.037
cache size	: 4096 KB
physical id	: 0
siblings	: 4
core id		: 1
cpu cores	: 4
apicid		: 1
initial apicid	: 1
fpu		: yes
fpu_exception	: yes
cpuid level	: 10
wp		: yes
flags		: fpu vme de pse tsc msr pae mce cx8 apic sep mtrr pge mca cmov pat pse36 clflush dts acpi mmx fxsr sse sse2 ss ht tm pbe syscall nx lm constant_tsc arch_perfmon pebs bts rep_good nopl aperfmperf pni dtes64 monitor ds_cpl vmx est tm2 ssse3 cx16 xtpr pdcm lahf_lm dtherm tpr_shadow vnmi flexpriority
bugs		:
bogomips	: 4800.07
clflush size	: 64
cache_alignment	: 64
address sizes	: 36 bits physical, 48 bits virtual
power management:

processor	: 3
vendor_id	: GenuineIntel
cpu family	: 6
model		: 15
model name	: Intel(R) Core(TM)2 Quad CPU    Q6600  @ 2.40GHz
stepping	: 11
microcode	: 0xba
cpu MHz		: 2400.037
cache size	: 4096 KB
physical id	: 0
siblings	: 4
core id		: 2
cpu cores	: 4
apicid		: 2
initial apicid	: 2
fpu		: yes
fpu_exception	: yes
cpuid level	: 10
wp		: yes
flags		: fpu vme de pse tsc msr pae mce cx8 apic sep mtrr pge mca cmov pat pse36 clflush dts acpi mmx fxsr sse sse2 ss ht tm pbe syscall nx lm constant_tsc arch_perfmon pebs bts rep_good nopl aperfmperf pni dtes64 monitor ds_cpl vmx est tm2 ssse3 cx16 xtpr pdcm lahf_lm dtherm tpr_shadow vnmi flexpriority
bugs		:
bogomips	: 4800.07
clflush size	: 64
cache_alignment	: 64
address sizes	: 36 bits physical, 48 bits virtual
power management:



Memory: 4k page, physical 4046300k(29216k free), swap 4063228k(3393608k free)

vm_info: Java HotSpot(TM) 64-Bit Server VM (25.74-b02) for linux-amd64 JRE (1.8.0_74-b02), built on Jan 29 2016 19:20:56 by "java_re" with gcc 4.3.0 20080428 (Red Hat 4.3.0-8)

time: Tue Mar  1 16:51:54 2016
elapsed time: 0 seconds (0d 0h 0m 0s)

